Not searching for unused variables given on the command line.
[36m--[0m Using CATKIN_DEVEL_PREFIX: /home/thomas/villa_perception_2018/devel/.private/villa_surface_detectors
[36m--[0m Using CMAKE_PREFIX_PATH: /home/thomas/villa_perception_2018/devel;/opt/ros/kinetic
[36m--[0m This workspace overlays: /home/thomas/villa_perception_2018/devel;/opt/ros/kinetic
[36m--[0m Using PYTHON_EXECUTABLE: /usr/bin/python
[36m--[0m Using Debian Python package layout
[36m--[0m Using empy: /usr/bin/empy
[36m--[0m Using CATKIN_ENABLE_TESTING: ON
[36m--[0m Call enable_testing()
[36m--[0m Using CATKIN_TEST_RESULTS_DIR: /home/thomas/villa_perception_2018/build/villa_surface_detectors/test_results
[36m--[0m Found gmock sources under '/usr/src/gmock': gmock will be built
[36m--[0m Found gtest sources under '/usr/src/gmock': gtests will be built
[36m--[0m Using Python nosetests: /usr/bin/nosetests-2.7
[36m--[0m catkin 0.7.11
[36m--[0m Using these message generators: gencpp;geneus;genlisp;gennodejs;genpy
[33m[1mCMake Warning[0m at /opt/ros/kinetic/share/catkin/cmake/catkinConfig.cmake:76 (find_package):
  Could not find a package configuration file provided by "visualzation_msgs"
  with any of the following names:

    visualzation_msgsConfig.cmake
    visualzation_msgs-config.cmake

  Add the installation prefix of "visualzation_msgs" to CMAKE_PREFIX_PATH or
  set "visualzation_msgs_DIR" to a directory containing one of the above
  files.  If "visualzation_msgs" provides a separate development package or
  SDK, be sure it has been installed.
[36mCall Stack (most recent call first):[0m
  CMakeLists.txt:10 (find_package)


[31m[1mCMake Error[0m at /opt/ros/kinetic/share/catkin/cmake/catkinConfig.cmake:83 (find_package):
  Could not find a package configuration file provided by "visualzation_msgs"
  with any of the following names:

    visualzation_msgsConfig.cmake
    visualzation_msgs-config.cmake

  Add the installation prefix of "visualzation_msgs" to CMAKE_PREFIX_PATH or
  set "visualzation_msgs_DIR" to a directory containing one of the above
  files.  If "visualzation_msgs" provides a separate development package or
  SDK, be sure it has been installed.
[36mCall Stack (most recent call first):[0m
  CMakeLists.txt:10 (find_package)


[36m--[0m Could not find the required component 'visualzation_msgs'. The following CMake error indicates that you either need to install the package with the same name or change your environment so that it can be found.
[36m--[0m Configuring incomplete, errors occurred!
See also "/home/thomas/villa_perception_2018/build/villa_surface_detectors/CMakeFiles/CMakeOutput.log".
See also "/home/thomas/villa_perception_2018/build/villa_surface_detectors/CMakeFiles/CMakeError.log".
