[36m--[0m Using CATKIN_DEVEL_PREFIX: /home/thomas/villa_perception_2018/devel/.private/villa_surface_detectors
[36m--[0m Using CMAKE_PREFIX_PATH: /home/thomas/villa_perception_2018/devel;/opt/ros/kinetic
[36m--[0m This workspace overlays: /home/thomas/villa_perception_2018/devel;/opt/ros/kinetic
[36m--[0m Using PYTHON_EXECUTABLE: /usr/bin/python
[36m--[0m Using Debian Python package layout
[36m--[0m Using empy: /usr/bin/empy
[36m--[0m Using CATKIN_ENABLE_TESTING: ON
[36m--[0m Call enable_testing()
[36m--[0m Using CATKIN_TEST_RESULTS_DIR: /home/thomas/villa_perception_2018/build/villa_surface_detectors/test_results
[36m--[0m Found gmock sources under '/usr/src/gmock': gmock will be built
[36m--[0m Found gtest sources under '/usr/src/gmock': gtests will be built
[36m--[0m Using Python nosetests: /usr/bin/nosetests-2.7
[36m--[0m catkin 0.7.11
[36m--[0m Using these message generators: gencpp;geneus;genlisp;gennodejs;genpy
[36m--[0m villa_surface_detectors: 0 messages, 1 services
[36m--[0m Configuring done
[31m[1mCMake Error[0m at /home/thomas/villa_perception_2018/src/villa_surface_detectors/CMakeLists.txt:215 (add_executable):
  Cannot find source file:

    src/horizontal_plane_detector_tester.cpp

  Tried extensions .c .C .c++ .cc .cpp .cxx .m .M .mm .h .hh .h++ .hm .hpp
  .hxx .in .txx


CMake Error: CMake can not determine linker language for target: horizontal_plane_detector_tester
CMake Error: Cannot determine link language for target "horizontal_plane_detector_tester".
[36m--[0m Generating done
[36m--[0m Build files have been written to: /home/thomas/villa_perception_2018/build/villa_surface_detectors
Makefile:1708: recipe for target 'cmake_check_build_system' failed
make: *** [cmake_check_build_system] Error 1
