[36m--[0m Using CATKIN_DEVEL_PREFIX: /home/thomas/villa_perception_2018/devel/.private/villa_surface_detectors
[36m--[0m Using CMAKE_PREFIX_PATH: /home/thomas/villa_perception_2018/devel;/opt/ros/kinetic
[36m--[0m This workspace overlays: /home/thomas/villa_perception_2018/devel;/opt/ros/kinetic
[36m--[0m Using PYTHON_EXECUTABLE: /usr/bin/python
[36m--[0m Using Debian Python package layout
[36m--[0m Using empy: /usr/bin/empy
[36m--[0m Using CATKIN_ENABLE_TESTING: ON
[36m--[0m Call enable_testing()
[36m--[0m Using CATKIN_TEST_RESULTS_DIR: /home/thomas/villa_perception_2018/build/villa_surface_detectors/test_results
[36m--[0m Found gmock sources under '/usr/src/gmock': gmock will be built
[36m--[0m Found gtest sources under '/usr/src/gmock': gtests will be built
[36m--[0m Using Python nosetests: /usr/bin/nosetests-2.7
[36m--[0m catkin 0.7.11
[36m--[0m Using these message generators: gencpp;geneus;genlisp;gennodejs;genpy
[31m[1mCMake Error[0m at /home/thomas/villa_perception_2018/build/villa_surface_detectors/cmake/villa_surface_detectors-genmsg.cmake:3 (message):
  Could not find messages which
  '/home/thomas/villa_perception_2018/src/villa_surface_detectors/srv/DetectHorizontalPlanes.srv'
  depends on.  Did you forget to specify generate_messages(DEPENDENCIES ...)?

  Cannot locate message [PointCloud2]: unknown package [sensor_msgs] on
  search path [{{'std_msgs': ['/opt/ros/kinetic/share/std_msgs/cmake/../msg'],
  'geometry_msgs': ['/opt/ros/kinetic/share/geometry_msgs/cmake/../msg']}}]
[36mCall Stack (most recent call first):[0m
  /opt/ros/kinetic/share/genmsg/cmake/genmsg-extras.cmake:307 (include)
  CMakeLists.txt:77 (generate_messages)


[36m--[0m Configuring incomplete, errors occurred!
See also "/home/thomas/villa_perception_2018/build/villa_surface_detectors/CMakeFiles/CMakeOutput.log".
See also "/home/thomas/villa_perception_2018/build/villa_surface_detectors/CMakeFiles/CMakeError.log".
Makefile:1540: recipe for target 'cmake_check_build_system' failed
make: *** [cmake_check_build_system] Error 1
