[33m[1mCMake Warning[0m at /opt/ros/kinetic/share/catkin/cmake/catkinConfig.cmake:76 (find_package):
  Could not find a package configuration file provided by "visualzation_msgs"
  with any of the following names:

    visualzation_msgsConfig.cmake
    visualzation_msgs-config.cmake

  Add the installation prefix of "visualzation_msgs" to CMAKE_PREFIX_PATH or
  set "visualzation_msgs_DIR" to a directory containing one of the above
  files.  If "visualzation_msgs" provides a separate development package or
  SDK, be sure it has been installed.
[36mCall Stack (most recent call first):[0m
  CMakeLists.txt:10 (find_package)


[31m[1mCMake Error[0m at /opt/ros/kinetic/share/catkin/cmake/catkinConfig.cmake:83 (find_package):
  Could not find a package configuration file provided by "visualzation_msgs"
  with any of the following names:

    visualzation_msgsConfig.cmake
    visualzation_msgs-config.cmake

  Add the installation prefix of "visualzation_msgs" to CMAKE_PREFIX_PATH or
  set "visualzation_msgs_DIR" to a directory containing one of the above
  files.  If "visualzation_msgs" provides a separate development package or
  SDK, be sure it has been installed.
[36mCall Stack (most recent call first):[0m
  CMakeLists.txt:10 (find_package)


