In file included from [01m[K/opt/ros/kinetic/include/ros/ros.h:40:0[m[K,
                 from [01m[K/home/thomas/villa_perception_2018/src/villa_surface_detectors/src/horizontal_plane_detector_server.cpp:5[m[K:
[01m[K/home/thomas/villa_perception_2018/src/villa_surface_detectors/src/horizontal_plane_detector_server.cpp:[m[K In function ‘[01m[Kvoid move_to_frame(const Ptr&, const string&, pcl::PointCloud<pcl::PointXYZ>::Ptr&)[m[K’:
[01m[K/opt/ros/kinetic/include/ros/console.h:346:176:[m[K [01;35m[Kwarning: [m[Kformat ‘[01m[K%s[m[K’ expects argument of type ‘[01m[Kchar*[m[K’, but argument 8 has type ‘[01m[Kstd::__cxx11::string* {aka std::__cxx11::basic_string<char>*}[m[K’ [-Wformat=]
     ::ros::console::print(filter, __rosconsole_define_location__loc.logger_, __rosconsole_define_location__loc.level_, __FILE__, __LINE__, __ROSCONSOLE_FUNCTION__, __VA_ARGS__)
[01;32m[K                                                                                                                                                                                ^[m[K
[01m[K/opt/ros/kinetic/include/ros/console.h:349:5:[m[K [01;36m[Knote: [m[Kin expansion of macro ‘[01m[KROSCONSOLE_PRINT_AT_LOCATION_WITH_FILTER[m[K’
     ROSCONSOLE_PRINT_AT_LOCATION_WITH_FILTER(0, __VA_ARGS__)
[01;32m[K     ^[m[K
[01m[K/opt/ros/kinetic/include/ros/console.h:379:7:[m[K [01;36m[Knote: [m[Kin expansion of macro ‘[01m[KROSCONSOLE_PRINT_AT_LOCATION[m[K’
       ROSCONSOLE_PRINT_AT_LOCATION(__VA_ARGS__); \
[01;32m[K       ^[m[K
[01m[K/opt/ros/kinetic/include/ros/console.h:561:35:[m[K [01;36m[Knote: [m[Kin expansion of macro ‘[01m[KROS_LOG_COND[m[K’
 #define ROS_LOG(level, name, ...) ROS_LOG_COND(true, level, name, __VA_ARGS__)
[01;32m[K                                   ^[m[K
[01m[K/opt/ros/kinetic/include/rosconsole/macros_generated.h:110:23:[m[K [01;36m[Knote: [m[Kin expansion of macro ‘[01m[KROS_LOG[m[K’
 #define ROS_INFO(...) ROS_LOG(::ros::console::levels::Info, ROSCONSOLE_DEFAULT_NAME, __VA_ARGS__)
[01;32m[K                       ^[m[K
[01m[K/home/thomas/villa_perception_2018/src/villa_surface_detectors/src/horizontal_plane_detector_server.cpp:217:7:[m[K [01;36m[Knote: [m[Kin expansion of macro ‘[01m[KROS_INFO[m[K’
       ROS_INFO("Transfoming from %s to %s", input->header.frame_id, target_frame);
[01;32m[K       ^[m[K
[01m[K/opt/ros/kinetic/include/ros/console.h:346:176:[m[K [01;35m[Kwarning: [m[Kformat ‘[01m[K%s[m[K’ expects argument of type ‘[01m[Kchar*[m[K’, but argument 9 has type ‘[01m[Kconst string* {aka const std::__cxx11::basic_string<char>*}[m[K’ [-Wformat=]
     ::ros::console::print(filter, __rosconsole_define_location__loc.logger_, __rosconsole_define_location__loc.level_, __FILE__, __LINE__, __ROSCONSOLE_FUNCTION__, __VA_ARGS__)
[01;32m[K                                                                                                                                                                                ^[m[K
[01m[K/opt/ros/kinetic/include/ros/console.h:349:5:[m[K [01;36m[Knote: [m[Kin expansion of macro ‘[01m[KROSCONSOLE_PRINT_AT_LOCATION_WITH_FILTER[m[K’
     ROSCONSOLE_PRINT_AT_LOCATION_WITH_FILTER(0, __VA_ARGS__)
[01;32m[K     ^[m[K
[01m[K/opt/ros/kinetic/include/ros/console.h:379:7:[m[K [01;36m[Knote: [m[Kin expansion of macro ‘[01m[KROSCONSOLE_PRINT_AT_LOCATION[m[K’
       ROSCONSOLE_PRINT_AT_LOCATION(__VA_ARGS__); \
[01;32m[K       ^[m[K
[01m[K/opt/ros/kinetic/include/ros/console.h:561:35:[m[K [01;36m[Knote: [m[Kin expansion of macro ‘[01m[KROS_LOG_COND[m[K’
 #define ROS_LOG(level, name, ...) ROS_LOG_COND(true, level, name, __VA_ARGS__)
[01;32m[K                                   ^[m[K
[01m[K/opt/ros/kinetic/include/rosconsole/macros_generated.h:110:23:[m[K [01;36m[Knote: [m[Kin expansion of macro ‘[01m[KROS_LOG[m[K’
 #define ROS_INFO(...) ROS_LOG(::ros::console::levels::Info, ROSCONSOLE_DEFAULT_NAME, __VA_ARGS__)
[01;32m[K                       ^[m[K
[01m[K/home/thomas/villa_perception_2018/src/villa_surface_detectors/src/horizontal_plane_detector_server.cpp:217:7:[m[K [01;36m[Knote: [m[Kin expansion of macro ‘[01m[KROS_INFO[m[K’
       ROS_INFO("Transfoming from %s to %s", input->header.frame_id, target_frame);
[01;32m[K       ^[m[K
[01m[K/home/thomas/villa_perception_2018/src/villa_surface_detectors/src/horizontal_plane_detector_server.cpp:[m[K In function ‘[01m[Kbool find_horizontal_planes(villa_surface_detectors::DetectHorizontalPlanes::Request&, villa_surface_detectors::DetectHorizontalPlanes::Response&)[m[K’:
[01m[K/home/thomas/villa_perception_2018/src/villa_surface_detectors/src/horizontal_plane_detector_server.cpp:437:59:[m[K [01;31m[Kerror: [m[K‘[01m[Kpcl::PointCloud<pcl::PointXYZ>::Ptr {aka class boost::shared_ptr<pcl::PointCloud<pcl::PointXYZ> >}[m[K’ has no member named ‘[01m[Kheader[m[K’
    horizontal_plane_cloud_ros.header.frame_id = map_cloud.header.frame_id;
[01;32m[K                                                           ^[m[K
make[2]: *** [CMakeFiles/horizontal_plane_detector_server.dir/src/horizontal_plane_detector_server.cpp.o] Error 1
make[1]: *** [CMakeFiles/horizontal_plane_detector_server.dir/all] Error 2
make: *** [all] Error 2
