Symlinking /home/thomas/villa_perception_2018/devel/share/common-lisp/ros/villa_surface_detectors/srv/villa_surface_detectors-srv.asd
Symlinking /home/thomas/villa_perception_2018/devel/share/common-lisp/ros/villa_surface_detectors/srv/DetectHorizontalPlanes.lisp
Symlinking /home/thomas/villa_perception_2018/devel/share/common-lisp/ros/villa_surface_detectors/srv/_package.lisp
Symlinking /home/thomas/villa_perception_2018/devel/share/common-lisp/ros/villa_surface_detectors/srv/_package_DetectHorizontalPlanes.lisp
Symlinking /home/thomas/villa_perception_2018/devel/share/gennodejs/ros/villa_surface_detectors/_index.js
Symlinking /home/thomas/villa_perception_2018/devel/share/gennodejs/ros/villa_surface_detectors/srv/_index.js
Symlinking /home/thomas/villa_perception_2018/devel/share/gennodejs/ros/villa_surface_detectors/srv/DetectHorizontalPlanes.js
Symlinking /home/thomas/villa_perception_2018/devel/share/roseus/ros/villa_surface_detectors/manifest.l
Symlinking /home/thomas/villa_perception_2018/devel/share/roseus/ros/villa_surface_detectors/srv/DetectHorizontalPlanes.l
Symlinking /home/thomas/villa_perception_2018/devel/share/villa_surface_detectors/cmake/villa_surface_detectors-msg-paths.cmake
Symlinking /home/thomas/villa_perception_2018/devel/share/villa_surface_detectors/cmake/villa_surface_detectorsConfig-version.cmake
Symlinking /home/thomas/villa_perception_2018/devel/share/villa_surface_detectors/cmake/villa_surface_detectors-msg-extras.cmake
Symlinking /home/thomas/villa_perception_2018/devel/share/villa_surface_detectors/cmake/villa_surface_detectorsConfig.cmake
Symlinking /home/thomas/villa_perception_2018/devel/lib/pkgconfig/villa_surface_detectors.pc
Symlinking /home/thomas/villa_perception_2018/devel/lib/villa_surface_detectors/horizontal_plane_detector_server
Symlinking /home/thomas/villa_perception_2018/devel/lib/python2.7/dist-packages/villa_surface_detectors/__init__.py
Symlinking /home/thomas/villa_perception_2018/devel/lib/python2.7/dist-packages/villa_surface_detectors/srv/__init__.py
Symlinking /home/thomas/villa_perception_2018/devel/lib/python2.7/dist-packages/villa_surface_detectors/srv/_DetectHorizontalPlanes.py
Symlinking /home/thomas/villa_perception_2018/devel/include/villa_surface_detectors/DetectHorizontalPlanes.h
Symlinking /home/thomas/villa_perception_2018/devel/include/villa_surface_detectors/DetectHorizontalPlanesResponse.h
Symlinking /home/thomas/villa_perception_2018/devel/include/villa_surface_detectors/DetectHorizontalPlanesRequest.h
