[  0%] Built target visualization_msgs_generate_messages_nodejs
[  0%] Built target std_msgs_generate_messages_nodejs
[  0%] Built target sensor_msgs_generate_messages_nodejs
[  0%] Built target std_msgs_generate_messages_cpp
[  0%] Built target geometry_msgs_generate_messages_cpp
[  0%] Built target visualization_msgs_generate_messages_cpp
[  0%] Built target sensor_msgs_generate_messages_cpp
[  0%] Built target std_msgs_generate_messages_py
[  0%] Built target sensor_msgs_generate_messages_eus
[  0%] Built target visualization_msgs_generate_messages_py
[  0%] Built target geometry_msgs_generate_messages_nodejs
[  0%] Built target geometry_msgs_generate_messages_py
[  0%] Built target _villa_surface_detectors_generate_messages_check_deps_DetectHorizontalPlanes
[  0%] Built target sensor_msgs_generate_messages_py
[  0%] Built target std_msgs_generate_messages_eus
[  0%] Built target visualization_msgs_generate_messages_eus
[  0%] Built target geometry_msgs_generate_messages_eus
[  0%] Built target std_msgs_generate_messages_lisp
[  0%] Built target sensor_msgs_generate_messages_lisp
[  0%] Built target geometry_msgs_generate_messages_lisp
[  8%] Built target villa_surface_detectors_generate_messages_cpp
[  8%] Built target visualization_msgs_generate_messages_lisp
[ 25%] Built target villa_surface_detectors_generate_messages_eus
[ 41%] Built target villa_surface_detectors_generate_messages_py
[ 50%] Built target villa_surface_detectors_generate_messages_nodejs
[ 58%] Built target villa_surface_detectors_generate_messages_lisp
[ 58%] Built target villa_surface_detectors_generate_messages
[ 75%] Built target horizontal_plane_detector_tester
[100%] Built target horizontal_plane_detector_server
